[debug] [2025-01-05T17:14:40.704Z] ----------------------------------------------------------------------
[debug] [2025-01-05T17:14:40.707Z] Command:       C:\Program Files\nodejs\node.exe C:\Users\ferra\AppData\Roaming\npm\node_modules\firebase-tools\lib\bin\firebase.js init
[debug] [2025-01-05T17:14:40.708Z] CLI Version:   13.29.1
[debug] [2025-01-05T17:14:40.708Z] Platform:      win32
[debug] [2025-01-05T17:14:40.708Z] Node Version:  v22.11.0
[debug] [2025-01-05T17:14:40.708Z] Time:          Sun Jan 05 2025 11:14:40 GMT-0600 (hora estándar central)
[debug] [2025-01-05T17:14:40.708Z] ----------------------------------------------------------------------
[debug] 
[debug] [2025-01-05T17:14:40.719Z] > command requires scopes: ["email","openid","https://www.googleapis.com/auth/cloudplatformprojects.readonly","https://www.googleapis.com/auth/firebase","https://www.googleapis.com/auth/cloud-platform"]
[debug] [2025-01-05T17:14:40.720Z] > authorizing via signed-in user (xolosramirezoficial@gmail.com)
[info] 
     ######## #### ########  ######## ########     ###     ######  ########
     ##        ##  ##     ## ##       ##     ##  ##   ##  ##       ##
     ######    ##  ########  ######   ########  #########  ######  ######
     ##        ##  ##    ##  ##       ##     ## ##     ##       ## ##
     ##       #### ##     ## ######## ########  ##     ##  ######  ########

You're about to initialize a Firebase project in this directory:

  C:\Users\ferra\Documents\xolosramirez\xolos_ramirez

[info] 
=== Project Setup
[info] 
[info] First, let's associate this project directory with a Firebase project.
[info] You can create multiple project aliases by running firebase use --add, 
[info] but for now we'll just set up a default project.
[info] 
[debug] [2025-01-05T17:15:39.166Z] Checked if tokens are valid: false, expires at: 1736095579510
[debug] [2025-01-05T17:15:39.166Z] Checked if tokens are valid: false, expires at: 1736095579510
[debug] [2025-01-05T17:15:39.166Z] > refreshing access token with scopes: []
[debug] [2025-01-05T17:15:39.168Z] >>> [apiv2][query] POST https://www.googleapis.com/oauth2/v3/token [none]
[debug] [2025-01-05T17:15:39.168Z] >>> [apiv2][body] POST https://www.googleapis.com/oauth2/v3/token [omitted]
[debug] [2025-01-05T17:15:39.478Z] <<< [apiv2][status] POST https://www.googleapis.com/oauth2/v3/token 200
[debug] [2025-01-05T17:15:39.478Z] <<< [apiv2][body] POST https://www.googleapis.com/oauth2/v3/token [omitted]
[debug] [2025-01-05T17:15:39.484Z] >>> [apiv2][query] GET https://firebase.googleapis.com/v1beta1/projects pageSize=100
[debug] [2025-01-05T17:15:39.850Z] <<< [apiv2][status] GET https://firebase.googleapis.com/v1beta1/projects 200
[debug] [2025-01-05T17:15:39.851Z] <<< [apiv2][body] GET https://firebase.googleapis.com/v1beta1/projects [omitted]
[info] i  Using project xolos-ramirez (Xolos Ramirez) 
[info] 
=== Firestore Setup
[debug] [2025-01-05T17:15:42.522Z] Checked if tokens are valid: true, expires at: 1736100938478
[debug] [2025-01-05T17:15:42.522Z] Checked if tokens are valid: true, expires at: 1736100938478
[debug] [2025-01-05T17:15:42.522Z] >>> [apiv2][query] GET https://serviceusage.googleapis.com/v1/projects/xolos-ramirez/services/firestore.googleapis.com [none]
[debug] [2025-01-05T17:15:42.522Z] >>> [apiv2][(partial)header] GET https://serviceusage.googleapis.com/v1/projects/xolos-ramirez/services/firestore.googleapis.com x-goog-quota-user=projects/xolos-ramirez
[debug] [2025-01-05T17:15:43.020Z] <<< [apiv2][status] GET https://serviceusage.googleapis.com/v1/projects/xolos-ramirez/services/firestore.googleapis.com 200
[debug] [2025-01-05T17:15:43.020Z] <<< [apiv2][body] GET https://serviceusage.googleapis.com/v1/projects/xolos-ramirez/services/firestore.googleapis.com [omitted]
[debug] [2025-01-05T17:15:43.020Z] Checked if tokens are valid: true, expires at: 1736100938478
[debug] [2025-01-05T17:15:43.021Z] Checked if tokens are valid: true, expires at: 1736100938478
[debug] [2025-01-05T17:15:43.021Z] >>> [apiv2][query] GET https://firestore.googleapis.com/v1/projects/xolos-ramirez/databases/(default) [none]
[debug] [2025-01-05T17:15:43.367Z] <<< [apiv2][status] GET https://firestore.googleapis.com/v1/projects/xolos-ramirez/databases/(default) 200
[debug] [2025-01-05T17:15:43.367Z] <<< [apiv2][body] GET https://firestore.googleapis.com/v1/projects/xolos-ramirez/databases/(default) {"name":"projects/xolos-ramirez/databases/(default)","uid":"0c9babd5-5589-4b41-aaa1-79f1c569a486","createTime":"2025-01-05T16:15:31.916868Z","updateTime":"2025-01-05T16:15:31.916868Z","locationId":"northamerica-south1","type":"FIRESTORE_NATIVE","concurrencyMode":"PESSIMISTIC","versionRetentionPeriod":"3600s","earliestVersionTime":"2025-01-05T16:15:42.780193Z","appEngineIntegrationMode":"DISABLED","pointInTimeRecoveryEnablement":"POINT_IN_TIME_RECOVERY_DISABLED","deleteProtectionState":"DELETE_PROTECTION_DISABLED","etag":"IP7ipcuK34oDMJuqmvL/3ooD"}
[debug] [2025-01-05T17:15:43.367Z] database_type: FIRESTORE_NATIVE
[debug] [2025-01-05T17:15:43.367Z] database_type: FIRESTORE_NATIVE
[debug] [2025-01-05T17:15:43.367Z] > command requires scopes: ["email","openid","https://www.googleapis.com/auth/cloudplatformprojects.readonly","https://www.googleapis.com/auth/firebase","https://www.googleapis.com/auth/cloud-platform"]
[debug] [2025-01-05T17:15:43.368Z] > authorizing via signed-in user (xolosramirezoficial@gmail.com)
[debug] [2025-01-05T17:15:43.368Z] [iam] checking project xolos-ramirez for permissions ["firebase.projects.get"]
[debug] [2025-01-05T17:15:43.368Z] Checked if tokens are valid: true, expires at: 1736100938478
[debug] [2025-01-05T17:15:43.368Z] Checked if tokens are valid: true, expires at: 1736100938478
[debug] [2025-01-05T17:15:43.369Z] >>> [apiv2][query] POST https://cloudresourcemanager.googleapis.com/v1/projects/xolos-ramirez:testIamPermissions [none]
[debug] [2025-01-05T17:15:43.369Z] >>> [apiv2][(partial)header] POST https://cloudresourcemanager.googleapis.com/v1/projects/xolos-ramirez:testIamPermissions x-goog-quota-user=projects/xolos-ramirez
[debug] [2025-01-05T17:15:43.369Z] >>> [apiv2][body] POST https://cloudresourcemanager.googleapis.com/v1/projects/xolos-ramirez:testIamPermissions {"permissions":["firebase.projects.get"]}
[debug] [2025-01-05T17:15:43.764Z] <<< [apiv2][status] POST https://cloudresourcemanager.googleapis.com/v1/projects/xolos-ramirez:testIamPermissions 200
[debug] [2025-01-05T17:15:43.764Z] <<< [apiv2][body] POST https://cloudresourcemanager.googleapis.com/v1/projects/xolos-ramirez:testIamPermissions {"permissions":["firebase.projects.get"]}
[info] 
[info] Firestore Security Rules allow you to define how and when to allow
[info] requests. You can keep these rules in your project directory
[info] and publish them with firebase deploy.
[info] 
[debug] [2025-01-05T17:15:52.560Z] Checked if tokens are valid: true, expires at: 1736100938478
[debug] [2025-01-05T17:15:52.560Z] Checked if tokens are valid: true, expires at: 1736100938478
[debug] [2025-01-05T17:15:52.560Z] >>> [apiv2][query] GET https://firebaserules.googleapis.com/v1/projects/xolos-ramirez/releases pageSize=10&pageToken=
[debug] [2025-01-05T17:15:52.866Z] <<< [apiv2][status] GET https://firebaserules.googleapis.com/v1/projects/xolos-ramirez/releases 200
[debug] [2025-01-05T17:15:52.867Z] <<< [apiv2][body] GET https://firebaserules.googleapis.com/v1/projects/xolos-ramirez/releases {"releases":[{"name":"projects/xolos-ramirez/releases/cloud.firestore","rulesetName":"projects/xolos-ramirez/rulesets/2b029252-555b-4667-a55d-ca088f2159f7","createTime":"2025-01-05T16:15:42.782421Z","updateTime":"2025-01-05T16:15:42.782421Z"}]}
[debug] [2025-01-05T17:15:52.867Z] Found ruleset: projects/xolos-ramirez/rulesets/2b029252-555b-4667-a55d-ca088f2159f7
[debug] [2025-01-05T17:15:52.867Z] Checked if tokens are valid: true, expires at: 1736100938478
[debug] [2025-01-05T17:15:52.867Z] Checked if tokens are valid: true, expires at: 1736100938478
[debug] [2025-01-05T17:15:52.867Z] >>> [apiv2][query] GET https://firebaserules.googleapis.com/v1/projects/xolos-ramirez/rulesets/2b029252-555b-4667-a55d-ca088f2159f7 [none]
[debug] [2025-01-05T17:15:52.968Z] <<< [apiv2][status] GET https://firebaserules.googleapis.com/v1/projects/xolos-ramirez/rulesets/2b029252-555b-4667-a55d-ca088f2159f7 200
[debug] [2025-01-05T17:15:52.969Z] <<< [apiv2][body] GET https://firebaserules.googleapis.com/v1/projects/xolos-ramirez/rulesets/2b029252-555b-4667-a55d-ca088f2159f7 [omitted]
[info] 
[info] Firestore indexes allow you to perform complex queries while
[info] maintaining performance that scales with the size of the result
[info] set. You can keep index definitions in your project directory
[info] and publish them with firebase deploy.
[info] 
[debug] [2025-01-05T17:15:56.318Z] Checked if tokens are valid: true, expires at: 1736100938478
[debug] [2025-01-05T17:15:56.318Z] Checked if tokens are valid: true, expires at: 1736100938478
[debug] [2025-01-05T17:15:56.319Z] Checked if tokens are valid: true, expires at: 1736100938478
[debug] [2025-01-05T17:15:56.319Z] Checked if tokens are valid: true, expires at: 1736100938478
[debug] [2025-01-05T17:15:56.319Z] >>> [apiv2][query] GET https://firestore.googleapis.com/v1/projects/xolos-ramirez/databases/(default)/collectionGroups/-/indexes [none]
[debug] [2025-01-05T17:15:56.324Z] >>> [apiv2][query] GET https://firestore.googleapis.com/v1/projects/xolos-ramirez/databases/(default)/collectionGroups/-/fields?filter=indexConfig.usesAncestorConfig=false OR ttlConfig:* [none]
[debug] [2025-01-05T17:15:56.559Z] <<< [apiv2][status] GET https://firestore.googleapis.com/v1/projects/xolos-ramirez/databases/(default)/collectionGroups/-/fields?filter=indexConfig.usesAncestorConfig=false OR ttlConfig:* 200
[debug] [2025-01-05T17:15:56.559Z] <<< [apiv2][body] GET https://firestore.googleapis.com/v1/projects/xolos-ramirez/databases/(default)/collectionGroups/-/fields?filter=indexConfig.usesAncestorConfig=false OR ttlConfig:* {"fields":[{"name":"projects/xolos-ramirez/databases/(default)/collectionGroups/__default__/fields/*","indexConfig":{"indexes":[{"queryScope":"COLLECTION","fields":[{"fieldPath":"*","order":"ASCENDING"}],"state":"READY"},{"queryScope":"COLLECTION","fields":[{"fieldPath":"*","order":"DESCENDING"}],"state":"READY"},{"queryScope":"COLLECTION","fields":[{"fieldPath":"*","arrayConfig":"CONTAINS"}],"state":"READY"}]}}]}
[debug] [2025-01-05T17:15:56.607Z] <<< [apiv2][status] GET https://firestore.googleapis.com/v1/projects/xolos-ramirez/databases/(default)/collectionGroups/-/indexes 200
[debug] [2025-01-05T17:15:56.607Z] <<< [apiv2][body] GET https://firestore.googleapis.com/v1/projects/xolos-ramirez/databases/(default)/collectionGroups/-/indexes {}
[info] 
=== Hosting Setup
[debug] [2025-01-05T17:15:56.610Z] Checked if tokens are valid: true, expires at: 1736100938478
[debug] [2025-01-05T17:15:56.610Z] Checked if tokens are valid: true, expires at: 1736100938478
[debug] [2025-01-05T17:15:56.610Z] >>> [apiv2][query] GET https://firebase.googleapis.com/v1beta1/projects/xolos-ramirez [none]
[debug] [2025-01-05T17:15:56.888Z] <<< [apiv2][status] GET https://firebase.googleapis.com/v1beta1/projects/xolos-ramirez 200
[debug] [2025-01-05T17:15:56.888Z] <<< [apiv2][body] GET https://firebase.googleapis.com/v1beta1/projects/xolos-ramirez {"projectId":"xolos-ramirez","projectNumber":"714862756395","displayName":"Xolos Ramirez","name":"projects/xolos-ramirez","resources":{"hostingSite":"xolos-ramirez"},"state":"ACTIVE","etag":"1_7e374cc9-33a4-41d9-b523-40b91966acd7"}
[info] 
[info] Your public directory is the folder (relative to your project directory) that
[info] will contain Hosting assets to be uploaded with firebase deploy. If you
[info] have a build process for your assets, use your build's output directory.
[info] 
